# JRE version: OpenJDK Runtime Environment JBR-11.0.14.1.1-1751.46-jcef (11.0.14.1+1) (build 11.0.14.1+1-b1751.46)
# Java VM: OpenJDK 64-Bit Server VM JBR-11.0.14.1.1-1751.46-jcef (11.0.14.1+1-b1751.46, mixed mode, tiered, compressed oops, g1 gc, windows-amd64)
Heap:
 garbage-first heap   total 262144K, used 195354K [0x00000000e0000000, 0x0000000100000000)
  region size 1024K, 153 young (156672K), 11 survivors (11264K)
 Metaspace       used 61019K, capacity 63205K, committed 63364K, reserved 309248K
  class space    used 7798K, capacity 8610K, committed 8704K, reserved 253952K
GC Heap History (20 events):
Event: 5.651 GC heap after
{Heap after GC invocations=4 (full 0):
 garbage-first heap   total 262144K, used 18810K [0x00000000e0000000, 0x0000000100000000)
  region size 1024K, 2 young (2048K), 2 survivors (2048K)
 Metaspace       used 24733K, capacity 25352K, committed 25648K, reserved 276480K
  class space    used 3160K, capacity 3353K, committed 3456K, reserved 253952K
}
Event: 8.643 GC heap before
{Heap before GC invocations=4 (full 0):
 garbage-first heap   total 262144K, used 97658K [0x00000000e0000000, 0x0000000100000000)
  region size 1024K, 80 young (81920K), 2 survivors (2048K)
 Metaspace       used 34958K, capacity 35781K, committed 35920K, reserved 286720K
  class space    used 4516K, capacity 4837K, committed 4864K, reserved 253952K
}
Event: 8.651 GC heap after
{Heap after GC invocations=5 (full 0):
 garbage-first heap   total 262144K, used 22324K [0x00000000e0000000, 0x0000000100000000)
  region size 1024K, 6 young (6144K), 6 survivors (6144K)
 Metaspace       used 34958K, capacity 35781K, committed 35920K, reserved 286720K
  class space    used 4516K, capacity 4837K, committed 4864K, reserved 253952K
}
Event: 10.089 GC heap before
{Heap before GC invocations=6 (full 0):
 garbage-first heap   total 262144K, used 147252K [0x00000000e0000000, 0x0000000100000000)
  region size 1024K, 125 young (128000K), 6 survivors (6144K)
 Metaspace       used 45921K, capacity 46971K, committed 47152K, reserved 294912K
  class space    used 5813K, capacity 6213K, committed 6272K, reserved 253952K
}
Event: 10.098 GC heap after
{Heap after GC invocations=7 (full 0):
 garbage-first heap   total 262144K, used 29922K [0x00000000e0000000, 0x0000000100000000)
  region size 1024K, 13 young (13312K), 13 survivors (13312K)
 Metaspace       used 45921K, capacity 46971K, committed 47152K, reserved 294912K
  class space    used 5813K, capacity 6213K, committed 6272K, reserved 253952K
}
Event: 11.817 GC heap before
{Heap before GC invocations=7 (full 0):
 garbage-first heap   total 262144K, used 173282K [0x00000000e0000000, 0x0000000100000000)
  region size 1024K, 153 young (156672K), 13 survivors (13312K)
 Metaspace       used 55104K, capacity 56936K, committed 57008K, reserved 303104K
  class space    used 7221K, capacity 7903K, committed 7936K, reserved 253952K
}
Event: 11.833 GC heap after
{Heap after GC invocations=8 (full 0):
 garbage-first heap   total 262144K, used 38859K [0x00000000e0000000, 0x0000000100000000)
  region size 1024K, 17 young (17408K), 17 survivors (17408K)
 Metaspace       used 55104K, capacity 56936K, committed 57008K, reserved 303104K
  class space    used 7221K, capacity 7903K, committed 7936K, reserved 253952K
}
Event: 13.056 GC heap before
{Heap before GC invocations=8 (full 0):
 garbage-first heap   total 262144K, used 97227K [0x00000000e0000000, 0x0000000100000000)
  region size 1024K, 75 young (76800K), 17 survivors (17408K)
 Metaspace       used 58323K, capacity 60279K, committed 60420K, reserved 307200K
  class space    used 7591K, capacity 8320K, committed 8320K, reserved 253952K
}
Event: 13.082 GC heap after
{Heap after GC invocations=9 (full 0):
 garbage-first heap   total 262144K, used 43858K [0x00000000e0000000, 0x0000000100000000)
  region size 1024K, 15 young (15360K), 15 survivors (15360K)
 Metaspace       used 58323K, capacity 60279K, committed 60420K, reserved 307200K
  class space    used 7591K, capacity 8320K, committed 8320K, reserved 253952K
}
Event: 14.399 GC heap before
{Heap before GC invocations=10 (full 0):
 garbage-first heap   total 262144K, used 184146K [0x00000000e0000000, 0x0000000100000000)
  region size 1024K, 153 young (156672K), 15 survivors (15360K)
 Metaspace       used 59238K, capacity 61275K, committed 61572K, reserved 307200K
  class space    used 7620K, capacity 8346K, committed 8448K, reserved 253952K
}
Event: 14.411 GC heap after
{Heap after GC invocations=11 (full 0):
 garbage-first heap   total 262144K, used 48931K [0x00000000e0000000, 0x0000000100000000)
  region size 1024K, 10 young (10240K), 10 survivors (10240K)
 Metaspace       used 59238K, capacity 61275K, committed 61572K, reserved 307200K
  class space    used 7620K, capacity 8346K, committed 8448K, reserved 253952K
}
Event: 4974.676 GC heap before
{Heap before GC invocations=11 (full 0):
 garbage-first heap   total 262144K, used 194339K [0x00000000e0000000, 0x0000000100000000)
  region size 1024K, 153 young (156672K), 10 survivors (10240K)
 Metaspace       used 61007K, capacity 63205K, committed 63364K, reserved 309248K
  class space    used 7796K, capacity 8610K, committed 8704K, reserved 253952K
}
Event: 4974.706 GC heap after
{Heap after GC invocations=12 (full 0):
 garbage-first heap   total 262144K, used 49969K [0x00000000e0000000, 0x0000000100000000)
  region size 1024K, 11 young (11264K), 11 survivors (11264K)
 Metaspace       used 61007K, capacity 63205K, committed 63364K, reserved 309248K
  class space    used 7796K, capacity 8610K, committed 8704K, reserved 253952K
}
Event: 13463.400 GC heap before
{Heap before GC invocations=12 (full 0):
 garbage-first heap   total 262144K, used 195377K [0x00000000e0000000, 0x0000000100000000)
  region size 1024K, 153 young (156672K), 11 survivors (11264K)
 Metaspace       used 61017K, capacity 63205K, committed 63364K, reserved 309248K
  class space    used 7797K, capacity 8610K, committed 8704K, reserved 253952K
}
Event: 13463.426 GC heap after
{Heap after GC invocations=13 (full 0):
 garbage-first heap   total 262144K, used 49759K [0x00000000e0000000, 0x0000000100000000)
  region size 1024K, 11 young (11264K), 11 survivors (11264K)
 Metaspace       used 61017K, capacity 63205K, committed 63364K, reserved 309248K
  class space    used 7797K, capacity 8610K, committed 8704K, reserved 253952K
}
Event: 22004.674 GC heap before
{Heap before GC invocations=13 (full 0):
 garbage-first heap   total 262144K, used 195167K [0x00000000e0000000, 0x0000000100000000)
  region size 1024K, 153 young (156672K), 11 survivors (11264K)
 Metaspace       used 61017K, capacity 63205K, committed 63364K, reserved 309248K
  class space    used 7797K, capacity 8610K, committed 8704K, reserved 253952K
}
Event: 22004.697 GC heap after
{Heap after GC invocations=14 (full 0):
 garbage-first heap   total 262144K, used 49750K [0x00000000e0000000, 0x0000000100000000)
  region size 1024K, 11 young (11264K), 11 survivors (11264K)
 Metaspace       used 61017K, capacity 63205K, committed 63364K, reserved 309248K
  class space    used 7797K, capacity 8610K, committed 8704K, reserved 253952K
}
Event: 30570.942 GC heap before
{Heap before GC invocations=14 (full 0):
 garbage-first heap   total 262144K, used 195158K [0x00000000e0000000, 0x0000000100000000)
  region size 1024K, 153 young (156672K), 11 survivors (11264K)
 Metaspace       used 61019K, capacity 63205K, committed 63364K, reserved 309248K
  class space    used 7798K, capacity 8610K, committed 8704K, reserved 253952K
}
Event: 30570.949 GC heap after
{Heap after GC invocations=15 (full 0):
 garbage-first heap   total 262144K, used 49946K [0x00000000e0000000, 0x0000000100000000)
  region size 1024K, 11 young (11264K), 11 survivors (11264K)
 Metaspace       used 61019K, capacity 63205K, committed 63364K, reserved 309248K
  class space    used 7798K, capacity 8610K, committed 8704K, reserved 253952K
}
Event: 39136.791 GC heap before
{Heap before GC invocations=15 (full 0):
 garbage-first heap   total 262144K, used 195354K [0x00000000e0000000, 0x0000000100000000)
  region size 1024K, 153 young (156672K), 11 survivors (11264K)
 Metaspace       used 61019K, capacity 63205K, committed 63364K, reserved 309248K
  class space    used 7798K, capacity 8610K, committed 8704K, reserved 253952K
}

